2022-01-01 15:54:33 0 [Warning] The parameter innodb_large_prefix is deprecated and has no effect. It may be removed in future releases. See https://mariadb.com/kb/en/library/xtradbinnodb-file-format/
InnoDB: using atomic writes.
2022-01-01 15:54:33 0 [Note] InnoDB: Mutexes and rw_locks use Windows interlocked functions
2022-01-01 15:54:33 0 [Note] InnoDB: Uses event mutexes
2022-01-01 15:54:33 0 [Note] InnoDB: Compressed tables use zlib 1.2.11
2022-01-01 15:54:33 0 [Note] InnoDB: Number of pools: 1
2022-01-01 15:54:33 0 [Note] InnoDB: Using SSE2 crc32 instructions
2022-01-01 15:54:33 0 [Note] InnoDB: Initializing buffer pool, total size = 256M, instances = 1, chunk size = 128M
2022-01-01 15:54:33 0 [Note] InnoDB: Completed initialization of buffer pool
2022-01-01 15:54:33 0 [Note] InnoDB: Starting crash recovery from checkpoint LSN=300288
2022-01-01 15:54:34 0 [Note] InnoDB: Resizing redo log from 2*5242880 to 2*67108864 bytes; LSN=300306
2022-01-01 15:54:34 0 [Note] InnoDB: Starting to delete and rewrite log files.
2022-01-01 15:54:34 0 [Note] InnoDB: Setting log file D:\Moodle\server\mysql\data\ib_logfile101 size to 67108864 bytes
2022-01-01 15:54:34 0 [Note] InnoDB: Setting log file D:\Moodle\server\mysql\data\ib_logfile1 size to 67108864 bytes
2022-01-01 15:54:34 0 [Note] InnoDB: Renaming log file D:\Moodle\server\mysql\data\ib_logfile101 to D:\Moodle\server\mysql\data\ib_logfile0
2022-01-01 15:54:34 0 [Note] InnoDB: New log files created, LSN=300306
2022-01-01 15:54:34 0 [ERROR] InnoDB: Operating system error number 3 in a file operation.
2022-01-01 15:54:34 0 [ERROR] InnoDB: The error means the system cannot find the path specified.
2022-01-01 15:54:34 0 [ERROR] InnoDB: If you are installing InnoDB, remember that you must create directories yourself, InnoDB does not create them.
2022-01-01 15:54:34 0 [ERROR] InnoDB: Cannot open datafile for read-only: '.\phpmyadmin\pma__bookmark.ibd' OS error: 203
2022-01-01 15:54:34 0 [ERROR] InnoDB: Operating system error number 203 in a file operation.
2022-01-01 15:54:34 0 [Note] InnoDB: Some operating system error numbers are described at https://mariadb.com/kb/en/library/operating-system-error-codes/
2022-01-01 15:54:34 0 [ERROR] InnoDB: Could not find a valid tablespace file for ``phpmyadmin`.`pma__bookmark``. Please refer to https://mariadb.com/kb/en/innodb-data-dictionary-troubleshooting/ for how to resolve the issue.
2022-01-01 15:54:34 0 [Warning] InnoDB: Ignoring tablespace for `phpmyadmin`.`pma__bookmark` because it could not be opened.
2022-01-01 15:54:34 0 [ERROR] InnoDB: Operating system error number 3 in a file operation.
2022-01-01 15:54:34 0 [ERROR] InnoDB: The error means the system cannot find the path specified.
2022-01-01 15:54:34 0 [ERROR] InnoDB: If you are installing InnoDB, remember that you must create directories yourself, InnoDB does not create them.
2022-01-01 15:54:34 0 [ERROR] InnoDB: Cannot open datafile for read-only: '.\phpmyadmin\pma__central_columns.ibd' OS error: 203
2022-01-01 15:54:34 0 [ERROR] InnoDB: Operating system error number 203 in a file operation.
2022-01-01 15:54:34 0 [Note] InnoDB: Some operating system error numbers are described at https://mariadb.com/kb/en/library/operating-system-error-codes/
2022-01-01 15:54:34 0 [ERROR] InnoDB: Could not find a valid tablespace file for ``phpmyadmin`.`pma__central_columns``. Please refer to https://mariadb.com/kb/en/innodb-data-dictionary-troubleshooting/ for how to resolve the issue.
2022-01-01 15:54:34 0 [Warning] InnoDB: Ignoring tablespace for `phpmyadmin`.`pma__central_columns` because it could not be opened.
2022-01-01 15:54:34 0 [ERROR] InnoDB: Operating system error number 3 in a file operation.
2022-01-01 15:54:34 0 [ERROR] InnoDB: The error means the system cannot find the path specified.
2022-01-01 15:54:34 0 [ERROR] InnoDB: If you are installing InnoDB, remember that you must create directories yourself, InnoDB does not create them.
2022-01-01 15:54:34 0 [ERROR] InnoDB: Cannot open datafile for read-only: '.\phpmyadmin\pma__column_info.ibd' OS error: 203
2022-01-01 15:54:34 0 [ERROR] InnoDB: Operating system error number 203 in a file operation.
2022-01-01 15:54:34 0 [Note] InnoDB: Some operating system error numbers are described at https://mariadb.com/kb/en/library/operating-system-error-codes/
2022-01-01 15:54:34 0 [ERROR] InnoDB: Could not find a valid tablespace file for ``phpmyadmin`.`pma__column_info``. Please refer to https://mariadb.com/kb/en/innodb-data-dictionary-troubleshooting/ for how to resolve the issue.
2022-01-01 15:54:34 0 [Warning] InnoDB: Ignoring tablespace for `phpmyadmin`.`pma__column_info` because it could not be opened.
2022-01-01 15:54:34 0 [ERROR] InnoDB: Operating system error number 3 in a file operation.
2022-01-01 15:54:34 0 [ERROR] InnoDB: The error means the system cannot find the path specified.
2022-01-01 15:54:34 0 [ERROR] InnoDB: If you are installing InnoDB, remember that you must create directories yourself, InnoDB does not create them.
2022-01-01 15:54:34 0 [ERROR] InnoDB: Cannot open datafile for read-only: '.\phpmyadmin\pma__designer_settings.ibd' OS error: 203
2022-01-01 15:54:34 0 [ERROR] InnoDB: Operating system error number 203 in a file operation.
2022-01-01 15:54:34 0 [Note] InnoDB: Some operating system error numbers are described at https://mariadb.com/kb/en/library/operating-system-error-codes/
2022-01-01 15:54:34 0 [ERROR] InnoDB: Could not find a valid tablespace file for ``phpmyadmin`.`pma__designer_settings``. Please refer to https://mariadb.com/kb/en/innodb-data-dictionary-troubleshooting/ for how to resolve the issue.
2022-01-01 15:54:34 0 [Warning] InnoDB: Ignoring tablespace for `phpmyadmin`.`pma__designer_settings` because it could not be opened.
2022-01-01 15:54:34 0 [ERROR] InnoDB: Operating system error number 3 in a file operation.
2022-01-01 15:54:34 0 [ERROR] InnoDB: The error means the system cannot find the path specified.
2022-01-01 15:54:34 0 [ERROR] InnoDB: If you are installing InnoDB, remember that you must create directories yourself, InnoDB does not create them.
2022-01-01 15:54:34 0 [ERROR] InnoDB: Cannot open datafile for read-only: '.\phpmyadmin\pma__export_templates.ibd' OS error: 203
2022-01-01 15:54:34 0 [ERROR] InnoDB: Operating system error number 203 in a file operation.
2022-01-01 15:54:34 0 [Note] InnoDB: Some operating system error numbers are described at https://mariadb.com/kb/en/library/operating-system-error-codes/
2022-01-01 15:54:34 0 [ERROR] InnoDB: Could not find a valid tablespace file for ``phpmyadmin`.`pma__export_templates``. Please refer to https://mariadb.com/kb/en/innodb-data-dictionary-troubleshooting/ for how to resolve the issue.
2022-01-01 15:54:34 0 [Warning] InnoDB: Ignoring tablespace for `phpmyadmin`.`pma__export_templates` because it could not be opened.
2022-01-01 15:54:34 0 [ERROR] InnoDB: Operating system error number 3 in a file operation.
2022-01-01 15:54:34 0 [ERROR] InnoDB: The error means the system cannot find the path specified.
2022-01-01 15:54:34 0 [ERROR] InnoDB: If you are installing InnoDB, remember that you must create directories yourself, InnoDB does not create them.
2022-01-01 15:54:34 0 [ERROR] InnoDB: Cannot open datafile for read-only: '.\phpmyadmin\pma__favorite.ibd' OS error: 203
2022-01-01 15:54:34 0 [ERROR] InnoDB: Operating system error number 203 in a file operation.
2022-01-01 15:54:34 0 [Note] InnoDB: Some operating system error numbers are described at https://mariadb.com/kb/en/library/operating-system-error-codes/
2022-01-01 15:54:34 0 [ERROR] InnoDB: Could not find a valid tablespace file for ``phpmyadmin`.`pma__favorite``. Please refer to https://mariadb.com/kb/en/innodb-data-dictionary-troubleshooting/ for how to resolve the issue.
2022-01-01 15:54:34 0 [Warning] InnoDB: Ignoring tablespace for `phpmyadmin`.`pma__favorite` because it could not be opened.
2022-01-01 15:54:34 0 [ERROR] InnoDB: Operating system error number 3 in a file operation.
2022-01-01 15:54:34 0 [ERROR] InnoDB: The error means the system cannot find the path specified.
2022-01-01 15:54:34 0 [ERROR] InnoDB: If you are installing InnoDB, remember that you must create directories yourself, InnoDB does not create them.
2022-01-01 15:54:34 0 [ERROR] InnoDB: Cannot open datafile for read-only: '.\phpmyadmin\pma__history.ibd' OS error: 203
2022-01-01 15:54:34 0 [ERROR] InnoDB: Operating system error number 203 in a file operation.
2022-01-01 15:54:34 0 [Note] InnoDB: Some operating system error numbers are described at https://mariadb.com/kb/en/library/operating-system-error-codes/
2022-01-01 15:54:34 0 [ERROR] InnoDB: Could not find a valid tablespace file for ``phpmyadmin`.`pma__history``. Please refer to https://mariadb.com/kb/en/innodb-data-dictionary-troubleshooting/ for how to resolve the issue.
2022-01-01 15:54:34 0 [Warning] InnoDB: Ignoring tablespace for `phpmyadmin`.`pma__history` because it could not be opened.
2022-01-01 15:54:34 0 [ERROR] InnoDB: Operating system error number 3 in a file operation.
2022-01-01 15:54:34 0 [ERROR] InnoDB: The error means the system cannot find the path specified.
2022-01-01 15:54:34 0 [ERROR] InnoDB: If you are installing InnoDB, remember that you must create directories yourself, InnoDB does not create them.
2022-01-01 15:54:34 0 [ERROR] InnoDB: Cannot open datafile for read-only: '.\phpmyadmin\pma__navigationhiding.ibd' OS error: 203
2022-01-01 15:54:34 0 [ERROR] InnoDB: Operating system error number 203 in a file operation.
2022-01-01 15:54:34 0 [Note] InnoDB: Some operating system error numbers are described at https://mariadb.com/kb/en/library/operating-system-error-codes/
2022-01-01 15:54:34 0 [ERROR] InnoDB: Could not find a valid tablespace file for ``phpmyadmin`.`pma__navigationhiding``. Please refer to https://mariadb.com/kb/en/innodb-data-dictionary-troubleshooting/ for how to resolve the issue.
2022-01-01 15:54:34 0 [Warning] InnoDB: Ignoring tablespace for `phpmyadmin`.`pma__navigationhiding` because it could not be opened.
2022-01-01 15:54:34 0 [ERROR] InnoDB: Operating system error number 3 in a file operation.
2022-01-01 15:54:34 0 [ERROR] InnoDB: The error means the system cannot find the path specified.
2022-01-01 15:54:34 0 [ERROR] InnoDB: If you are installing InnoDB, remember that you must create directories yourself, InnoDB does not create them.
2022-01-01 15:54:34 0 [ERROR] InnoDB: Cannot open datafile for read-only: '.\phpmyadmin\pma__pdf_pages.ibd' OS error: 203
2022-01-01 15:54:34 0 [ERROR] InnoDB: Operating system error number 203 in a file operation.
2022-01-01 15:54:34 0 [Note] InnoDB: Some operating system error numbers are described at https://mariadb.com/kb/en/library/operating-system-error-codes/
2022-01-01 15:54:34 0 [ERROR] InnoDB: Could not find a valid tablespace file for ``phpmyadmin`.`pma__pdf_pages``. Please refer to https://mariadb.com/kb/en/innodb-data-dictionary-troubleshooting/ for how to resolve the issue.
2022-01-01 15:54:34 0 [Warning] InnoDB: Ignoring tablespace for `phpmyadmin`.`pma__pdf_pages` because it could not be opened.
2022-01-01 15:54:34 0 [ERROR] InnoDB: Operating system error number 3 in a file operation.
2022-01-01 15:54:34 0 [ERROR] InnoDB: The error means the system cannot find the path specified.
2022-01-01 15:54:34 0 [ERROR] InnoDB: If you are installing InnoDB, remember that you must create directories yourself, InnoDB does not create them.
2022-01-01 15:54:34 0 [ERROR] InnoDB: Cannot open datafile for read-only: '.\phpmyadmin\pma__recent.ibd' OS error: 203
2022-01-01 15:54:34 0 [ERROR] InnoDB: Operating system error number 203 in a file operation.
2022-01-01 15:54:34 0 [Note] InnoDB: Some operating system error numbers are described at https://mariadb.com/kb/en/library/operating-system-error-codes/
2022-01-01 15:54:34 0 [ERROR] InnoDB: Could not find a valid tablespace file for ``phpmyadmin`.`pma__recent``. Please refer to https://mariadb.com/kb/en/innodb-data-dictionary-troubleshooting/ for how to resolve the issue.
2022-01-01 15:54:34 0 [Warning] InnoDB: Ignoring tablespace for `phpmyadmin`.`pma__recent` because it could not be opened.
2022-01-01 15:54:34 0 [ERROR] InnoDB: Operating system error number 3 in a file operation.
2022-01-01 15:54:34 0 [ERROR] InnoDB: The error means the system cannot find the path specified.
2022-01-01 15:54:34 0 [ERROR] InnoDB: If you are installing InnoDB, remember that you must create directories yourself, InnoDB does not create them.
2022-01-01 15:54:34 0 [ERROR] InnoDB: Cannot open datafile for read-only: '.\phpmyadmin\pma__relation.ibd' OS error: 203
2022-01-01 15:54:34 0 [ERROR] InnoDB: Operating system error number 203 in a file operation.
2022-01-01 15:54:34 0 [Note] InnoDB: Some operating system error numbers are described at https://mariadb.com/kb/en/library/operating-system-error-codes/
2022-01-01 15:54:34 0 [ERROR] InnoDB: Could not find a valid tablespace file for ``phpmyadmin`.`pma__relation``. Please refer to https://mariadb.com/kb/en/innodb-data-dictionary-troubleshooting/ for how to resolve the issue.
2022-01-01 15:54:34 0 [Warning] InnoDB: Ignoring tablespace for `phpmyadmin`.`pma__relation` because it could not be opened.
2022-01-01 15:54:34 0 [ERROR] InnoDB: Operating system error number 3 in a file operation.
2022-01-01 15:54:34 0 [ERROR] InnoDB: The error means the system cannot find the path specified.
2022-01-01 15:54:34 0 [ERROR] InnoDB: If you are installing InnoDB, remember that you must create directories yourself, InnoDB does not create them.
2022-01-01 15:54:34 0 [ERROR] InnoDB: Cannot open datafile for read-only: '.\phpmyadmin\pma__savedsearches.ibd' OS error: 203
2022-01-01 15:54:34 0 [ERROR] InnoDB: Operating system error number 203 in a file operation.
2022-01-01 15:54:34 0 [Note] InnoDB: Some operating system error numbers are described at https://mariadb.com/kb/en/library/operating-system-error-codes/
2022-01-01 15:54:34 0 [ERROR] InnoDB: Could not find a valid tablespace file for ``phpmyadmin`.`pma__savedsearches``. Please refer to https://mariadb.com/kb/en/innodb-data-dictionary-troubleshooting/ for how to resolve the issue.
2022-01-01 15:54:34 0 [Warning] InnoDB: Ignoring tablespace for `phpmyadmin`.`pma__savedsearches` because it could not be opened.
2022-01-01 15:54:34 0 [ERROR] InnoDB: Operating system error number 3 in a file operation.
2022-01-01 15:54:34 0 [ERROR] InnoDB: The error means the system cannot find the path specified.
2022-01-01 15:54:34 0 [ERROR] InnoDB: If you are installing InnoDB, remember that you must create directories yourself, InnoDB does not create them.
2022-01-01 15:54:34 0 [ERROR] InnoDB: Cannot open datafile for read-only: '.\phpmyadmin\pma__table_coords.ibd' OS error: 203
2022-01-01 15:54:34 0 [ERROR] InnoDB: Operating system error number 203 in a file operation.
2022-01-01 15:54:34 0 [Note] InnoDB: Some operating system error numbers are described at https://mariadb.com/kb/en/library/operating-system-error-codes/
2022-01-01 15:54:34 0 [ERROR] InnoDB: Could not find a valid tablespace file for ``phpmyadmin`.`pma__table_coords``. Please refer to https://mariadb.com/kb/en/innodb-data-dictionary-troubleshooting/ for how to resolve the issue.
2022-01-01 15:54:34 0 [Warning] InnoDB: Ignoring tablespace for `phpmyadmin`.`pma__table_coords` because it could not be opened.
2022-01-01 15:54:34 0 [ERROR] InnoDB: Operating system error number 3 in a file operation.
2022-01-01 15:54:34 0 [ERROR] InnoDB: The error means the system cannot find the path specified.
2022-01-01 15:54:34 0 [ERROR] InnoDB: If you are installing InnoDB, remember that you must create directories yourself, InnoDB does not create them.
2022-01-01 15:54:34 0 [ERROR] InnoDB: Cannot open datafile for read-only: '.\phpmyadmin\pma__table_info.ibd' OS error: 203
2022-01-01 15:54:34 0 [ERROR] InnoDB: Operating system error number 203 in a file operation.
2022-01-01 15:54:34 0 [Note] InnoDB: Some operating system error numbers are described at https://mariadb.com/kb/en/library/operating-system-error-codes/
2022-01-01 15:54:34 0 [ERROR] InnoDB: Could not find a valid tablespace file for ``phpmyadmin`.`pma__table_info``. Please refer to https://mariadb.com/kb/en/innodb-data-dictionary-troubleshooting/ for how to resolve the issue.
2022-01-01 15:54:34 0 [Warning] InnoDB: Ignoring tablespace for `phpmyadmin`.`pma__table_info` because it could not be opened.
2022-01-01 15:54:34 0 [ERROR] InnoDB: Operating system error number 3 in a file operation.
2022-01-01 15:54:34 0 [ERROR] InnoDB: The error means the system cannot find the path specified.
2022-01-01 15:54:34 0 [ERROR] InnoDB: If you are installing InnoDB, remember that you must create directories yourself, InnoDB does not create them.
2022-01-01 15:54:34 0 [ERROR] InnoDB: Cannot open datafile for read-only: '.\phpmyadmin\pma__table_uiprefs.ibd' OS error: 203
2022-01-01 15:54:34 0 [ERROR] InnoDB: Operating system error number 203 in a file operation.
2022-01-01 15:54:34 0 [Note] InnoDB: Some operating system error numbers are described at https://mariadb.com/kb/en/library/operating-system-error-codes/
2022-01-01 15:54:34 0 [ERROR] InnoDB: Could not find a valid tablespace file for ``phpmyadmin`.`pma__table_uiprefs``. Please refer to https://mariadb.com/kb/en/innodb-data-dictionary-troubleshooting/ for how to resolve the issue.
2022-01-01 15:54:34 0 [Warning] InnoDB: Ignoring tablespace for `phpmyadmin`.`pma__table_uiprefs` because it could not be opened.
2022-01-01 15:54:34 0 [ERROR] InnoDB: Operating system error number 3 in a file operation.
2022-01-01 15:54:34 0 [ERROR] InnoDB: The error means the system cannot find the path specified.
2022-01-01 15:54:34 0 [ERROR] InnoDB: If you are installing InnoDB, remember that you must create directories yourself, InnoDB does not create them.
2022-01-01 15:54:34 0 [ERROR] InnoDB: Cannot open datafile for read-only: '.\phpmyadmin\pma__tracking.ibd' OS error: 203
2022-01-01 15:54:34 0 [ERROR] InnoDB: Operating system error number 203 in a file operation.
2022-01-01 15:54:34 0 [Note] InnoDB: Some operating system error numbers are described at https://mariadb.com/kb/en/library/operating-system-error-codes/
2022-01-01 15:54:34 0 [ERROR] InnoDB: Could not find a valid tablespace file for ``phpmyadmin`.`pma__tracking``. Please refer to https://mariadb.com/kb/en/innodb-data-dictionary-troubleshooting/ for how to resolve the issue.
2022-01-01 15:54:34 0 [Warning] InnoDB: Ignoring tablespace for `phpmyadmin`.`pma__tracking` because it could not be opened.
2022-01-01 15:54:34 0 [ERROR] InnoDB: Operating system error number 3 in a file operation.
2022-01-01 15:54:34 0 [ERROR] InnoDB: The error means the system cannot find the path specified.
2022-01-01 15:54:34 0 [ERROR] InnoDB: If you are installing InnoDB, remember that you must create directories yourself, InnoDB does not create them.
2022-01-01 15:54:34 0 [ERROR] InnoDB: Cannot open datafile for read-only: '.\phpmyadmin\pma__userconfig.ibd' OS error: 203
2022-01-01 15:54:34 0 [ERROR] InnoDB: Operating system error number 203 in a file operation.
2022-01-01 15:54:34 0 [Note] InnoDB: Some operating system error numbers are described at https://mariadb.com/kb/en/library/operating-system-error-codes/
2022-01-01 15:54:34 0 [ERROR] InnoDB: Could not find a valid tablespace file for ``phpmyadmin`.`pma__userconfig``. Please refer to https://mariadb.com/kb/en/innodb-data-dictionary-troubleshooting/ for how to resolve the issue.
2022-01-01 15:54:34 0 [Warning] InnoDB: Ignoring tablespace for `phpmyadmin`.`pma__userconfig` because it could not be opened.
2022-01-01 15:54:34 0 [ERROR] InnoDB: Operating system error number 3 in a file operation.
2022-01-01 15:54:34 0 [ERROR] InnoDB: The error means the system cannot find the path specified.
2022-01-01 15:54:34 0 [ERROR] InnoDB: If you are installing InnoDB, remember that you must create directories yourself, InnoDB does not create them.
2022-01-01 15:54:34 0 [ERROR] InnoDB: Cannot open datafile for read-only: '.\phpmyadmin\pma__usergroups.ibd' OS error: 203
2022-01-01 15:54:34 0 [ERROR] InnoDB: Operating system error number 203 in a file operation.
2022-01-01 15:54:34 0 [Note] InnoDB: Some operating system error numbers are described at https://mariadb.com/kb/en/library/operating-system-error-codes/
2022-01-01 15:54:34 0 [ERROR] InnoDB: Could not find a valid tablespace file for ``phpmyadmin`.`pma__usergroups``. Please refer to https://mariadb.com/kb/en/innodb-data-dictionary-troubleshooting/ for how to resolve the issue.
2022-01-01 15:54:34 0 [Warning] InnoDB: Ignoring tablespace for `phpmyadmin`.`pma__usergroups` because it could not be opened.
2022-01-01 15:54:34 0 [ERROR] InnoDB: Operating system error number 3 in a file operation.
2022-01-01 15:54:34 0 [ERROR] InnoDB: The error means the system cannot find the path specified.
2022-01-01 15:54:34 0 [ERROR] InnoDB: If you are installing InnoDB, remember that you must create directories yourself, InnoDB does not create them.
2022-01-01 15:54:34 0 [ERROR] InnoDB: Cannot open datafile for read-only: '.\phpmyadmin\pma__users.ibd' OS error: 203
2022-01-01 15:54:34 0 [ERROR] InnoDB: Operating system error number 203 in a file operation.
2022-01-01 15:54:34 0 [Note] InnoDB: Some operating system error numbers are described at https://mariadb.com/kb/en/library/operating-system-error-codes/
2022-01-01 15:54:34 0 [ERROR] InnoDB: Could not find a valid tablespace file for ``phpmyadmin`.`pma__users``. Please refer to https://mariadb.com/kb/en/innodb-data-dictionary-troubleshooting/ for how to resolve the issue.
2022-01-01 15:54:34 0 [Warning] InnoDB: Ignoring tablespace for `phpmyadmin`.`pma__users` because it could not be opened.
2022-01-01 15:54:34 0 [Note] InnoDB: 128 out of 128 rollback segments are active.
2022-01-01 15:54:34 0 [Note] InnoDB: Removed temporary tablespace data file: "ibtmp1"
2022-01-01 15:54:34 0 [Note] InnoDB: Creating shared tablespace for temporary tables
2022-01-01 15:54:34 0 [Note] InnoDB: Setting file 'D:\Moodle\server\mysql\data\ibtmp1' size to 12 MB. Physically writing the file full; Please wait ...
2022-01-01 15:54:34 0 [Note] InnoDB: File 'D:\Moodle\server\mysql\data\ibtmp1' size is now 12 MB.
2022-01-01 15:54:34 0 [Note] InnoDB: Waiting for purge to start
2022-01-01 15:54:34 1 [ERROR] InnoDB: Failed to find tablespace for table `phpmyadmin`.`pma__userconfig` in the cache. Attempting to load the tablespace with space id 16
2022-01-01 15:54:34 1 [ERROR] InnoDB: Operating system error number 3 in a file operation.
2022-01-01 15:54:34 1 [ERROR] InnoDB: The error means the system cannot find the path specified.
2022-01-01 15:54:34 1 [ERROR] InnoDB: If you are installing InnoDB, remember that you must create directories yourself, InnoDB does not create them.
2022-01-01 15:54:34 1 [ERROR] InnoDB: Cannot open datafile for read-only: '.\phpmyadmin\pma__userconfig.ibd' OS error: 203
2022-01-01 15:54:34 1 [ERROR] InnoDB: Operating system error number 203 in a file operation.
2022-01-01 15:54:34 1 [Note] InnoDB: Some operating system error numbers are described at https://mariadb.com/kb/en/library/operating-system-error-codes/
2022-01-01 15:54:34 1 [ERROR] InnoDB: Could not find a valid tablespace file for ``phpmyadmin`.`pma__userconfig``. Please refer to https://mariadb.com/kb/en/innodb-data-dictionary-troubleshooting/ for how to resolve the issue.
2022-01-01 15:54:35 0 [Note] InnoDB: 10.4.8 started; log sequence number 300306; transaction id 171
2022-01-01 15:54:35 0 [Note] InnoDB: Loading buffer pool(s) from D:\Moodle\server\mysql\data\ib_buffer_pool
2022-01-01 15:54:35 0 [Note] Plugin 'FEEDBACK' is disabled.
2022-01-01 15:54:35 0 [Note] Server socket created on IP: '::'.
2022-01-01 15:54:35 0 [Note] InnoDB: Buffer pool(s) load completed at 220101 15:54:35
2022-01-01 15:54:35 0 [Note] Reading of all Master_info entries succeeded
2022-01-01 15:54:35 0 [Note] Added new Master_info '' to hash table
2022-01-01 15:54:35 0 [Note] mysql\bin\mysqld.exe: ready for connections.
Version: '10.4.8-MariaDB'  socket: ''  port: 3306  mariadb.org binary distribution
2022-01-01 16:05:30 0 [Note] mysql\bin\mysqld.exe (initiated by: unknown): Normal shutdown
2022-01-01 16:05:30 0 [Note] Event Scheduler: Purging the queue. 0 events
2022-01-01 16:05:30 0 [Note] InnoDB: FTS optimize thread exiting.
2022-01-01 16:05:31 0 [Note] InnoDB: Starting shutdown...
2022-01-01 16:05:31 0 [Note] InnoDB: Dumping buffer pool(s) to D:\Moodle\server\mysql\data\ib_buffer_pool
2022-01-01 16:05:31 0 [Note] InnoDB: Buffer pool(s) dump completed at 220101 16:05:31
2022-01-01 16:05:33 0 [Note] InnoDB: Shutdown completed; log sequence number 13144699; transaction id 26678
2022-01-01 16:05:33 0 [Note] InnoDB: Removed temporary tablespace data file: "ibtmp1"
2022-01-01 16:05:33 0 [Note] mysql\bin\mysqld.exe: Shutdown complete

2022-01-02 10:06:54 0 [Warning] The parameter innodb_large_prefix is deprecated and has no effect. It may be removed in future releases. See https://mariadb.com/kb/en/library/xtradbinnodb-file-format/
InnoDB: using atomic writes.
2022-01-02 10:06:54 0 [Note] InnoDB: Mutexes and rw_locks use Windows interlocked functions
2022-01-02 10:06:54 0 [Note] InnoDB: Uses event mutexes
2022-01-02 10:06:54 0 [Note] InnoDB: Compressed tables use zlib 1.2.11
2022-01-02 10:06:54 0 [Note] InnoDB: Number of pools: 1
2022-01-02 10:06:54 0 [Note] InnoDB: Using SSE2 crc32 instructions
2022-01-02 10:06:54 0 [Note] InnoDB: Initializing buffer pool, total size = 256M, instances = 1, chunk size = 128M
2022-01-02 10:06:54 0 [Note] InnoDB: Completed initialization of buffer pool
2022-01-02 10:06:56 0 [ERROR] InnoDB: Operating system error number 3 in a file operation.
2022-01-02 10:06:56 0 [ERROR] InnoDB: The error means the system cannot find the path specified.
2022-01-02 10:06:56 0 [ERROR] InnoDB: If you are installing InnoDB, remember that you must create directories yourself, InnoDB does not create them.
2022-01-02 10:06:56 0 [ERROR] InnoDB: Cannot open datafile for read-only: '.\phpmyadmin\pma__bookmark.ibd' OS error: 203
2022-01-02 10:06:56 0 [ERROR] InnoDB: Operating system error number 203 in a file operation.
2022-01-02 10:06:56 0 [Note] InnoDB: Some operating system error numbers are described at https://mariadb.com/kb/en/library/operating-system-error-codes/
2022-01-02 10:06:56 0 [ERROR] InnoDB: Could not find a valid tablespace file for ``phpmyadmin`.`pma__bookmark``. Please refer to https://mariadb.com/kb/en/innodb-data-dictionary-troubleshooting/ for how to resolve the issue.
2022-01-02 10:06:56 0 [Warning] InnoDB: Ignoring tablespace for `phpmyadmin`.`pma__bookmark` because it could not be opened.
2022-01-02 10:06:56 0 [ERROR] InnoDB: Operating system error number 3 in a file operation.
2022-01-02 10:06:56 0 [ERROR] InnoDB: The error means the system cannot find the path specified.
2022-01-02 10:06:56 0 [ERROR] InnoDB: If you are installing InnoDB, remember that you must create directories yourself, InnoDB does not create them.
2022-01-02 10:06:56 0 [ERROR] InnoDB: Cannot open datafile for read-only: '.\phpmyadmin\pma__central_columns.ibd' OS error: 203
2022-01-02 10:06:56 0 [ERROR] InnoDB: Operating system error number 203 in a file operation.
2022-01-02 10:06:56 0 [Note] InnoDB: Some operating system error numbers are described at https://mariadb.com/kb/en/library/operating-system-error-codes/
2022-01-02 10:06:56 0 [ERROR] InnoDB: Could not find a valid tablespace file for ``phpmyadmin`.`pma__central_columns``. Please refer to https://mariadb.com/kb/en/innodb-data-dictionary-troubleshooting/ for how to resolve the issue.
2022-01-02 10:06:56 0 [Warning] InnoDB: Ignoring tablespace for `phpmyadmin`.`pma__central_columns` because it could not be opened.
2022-01-02 10:06:56 0 [ERROR] InnoDB: Operating system error number 3 in a file operation.
2022-01-02 10:06:56 0 [ERROR] InnoDB: The error means the system cannot find the path specified.
2022-01-02 10:06:56 0 [ERROR] InnoDB: If you are installing InnoDB, remember that you must create directories yourself, InnoDB does not create them.
2022-01-02 10:06:56 0 [ERROR] InnoDB: Cannot open datafile for read-only: '.\phpmyadmin\pma__column_info.ibd' OS error: 203
2022-01-02 10:06:56 0 [ERROR] InnoDB: Operating system error number 203 in a file operation.
2022-01-02 10:06:56 0 [Note] InnoDB: Some operating system error numbers are described at https://mariadb.com/kb/en/library/operating-system-error-codes/
2022-01-02 10:06:56 0 [ERROR] InnoDB: Could not find a valid tablespace file for ``phpmyadmin`.`pma__column_info``. Please refer to https://mariadb.com/kb/en/innodb-data-dictionary-troubleshooting/ for how to resolve the issue.
2022-01-02 10:06:56 0 [Warning] InnoDB: Ignoring tablespace for `phpmyadmin`.`pma__column_info` because it could not be opened.
2022-01-02 10:06:56 0 [ERROR] InnoDB: Operating system error number 3 in a file operation.
2022-01-02 10:06:56 0 [ERROR] InnoDB: The error means the system cannot find the path specified.
2022-01-02 10:06:56 0 [ERROR] InnoDB: If you are installing InnoDB, remember that you must create directories yourself, InnoDB does not create them.
2022-01-02 10:06:56 0 [ERROR] InnoDB: Cannot open datafile for read-only: '.\phpmyadmin\pma__designer_settings.ibd' OS error: 203
2022-01-02 10:06:56 0 [ERROR] InnoDB: Operating system error number 203 in a file operation.
2022-01-02 10:06:56 0 [Note] InnoDB: Some operating system error numbers are described at https://mariadb.com/kb/en/library/operating-system-error-codes/
2022-01-02 10:06:56 0 [ERROR] InnoDB: Could not find a valid tablespace file for ``phpmyadmin`.`pma__designer_settings``. Please refer to https://mariadb.com/kb/en/innodb-data-dictionary-troubleshooting/ for how to resolve the issue.
2022-01-02 10:06:56 0 [Warning] InnoDB: Ignoring tablespace for `phpmyadmin`.`pma__designer_settings` because it could not be opened.
2022-01-02 10:06:56 0 [ERROR] InnoDB: Operating system error number 3 in a file operation.
2022-01-02 10:06:56 0 [ERROR] InnoDB: The error means the system cannot find the path specified.
2022-01-02 10:06:56 0 [ERROR] InnoDB: If you are installing InnoDB, remember that you must create directories yourself, InnoDB does not create them.
2022-01-02 10:06:56 0 [ERROR] InnoDB: Cannot open datafile for read-only: '.\phpmyadmin\pma__export_templates.ibd' OS error: 203
2022-01-02 10:06:56 0 [ERROR] InnoDB: Operating system error number 203 in a file operation.
2022-01-02 10:06:56 0 [Note] InnoDB: Some operating system error numbers are described at https://mariadb.com/kb/en/library/operating-system-error-codes/
2022-01-02 10:06:56 0 [ERROR] InnoDB: Could not find a valid tablespace file for ``phpmyadmin`.`pma__export_templates``. Please refer to https://mariadb.com/kb/en/innodb-data-dictionary-troubleshooting/ for how to resolve the issue.
2022-01-02 10:06:56 0 [Warning] InnoDB: Ignoring tablespace for `phpmyadmin`.`pma__export_templates` because it could not be opened.
2022-01-02 10:06:56 0 [ERROR] InnoDB: Operating system error number 3 in a file operation.
2022-01-02 10:06:56 0 [ERROR] InnoDB: The error means the system cannot find the path specified.
2022-01-02 10:06:56 0 [ERROR] InnoDB: If you are installing InnoDB, remember that you must create directories yourself, InnoDB does not create them.
2022-01-02 10:06:56 0 [ERROR] InnoDB: Cannot open datafile for read-only: '.\phpmyadmin\pma__favorite.ibd' OS error: 203
2022-01-02 10:06:56 0 [ERROR] InnoDB: Operating system error number 203 in a file operation.
2022-01-02 10:06:56 0 [Note] InnoDB: Some operating system error numbers are described at https://mariadb.com/kb/en/library/operating-system-error-codes/
2022-01-02 10:06:56 0 [ERROR] InnoDB: Could not find a valid tablespace file for ``phpmyadmin`.`pma__favorite``. Please refer to https://mariadb.com/kb/en/innodb-data-dictionary-troubleshooting/ for how to resolve the issue.
2022-01-02 10:06:56 0 [Warning] InnoDB: Ignoring tablespace for `phpmyadmin`.`pma__favorite` because it could not be opened.
2022-01-02 10:06:56 0 [ERROR] InnoDB: Operating system error number 3 in a file operation.
2022-01-02 10:06:56 0 [ERROR] InnoDB: The error means the system cannot find the path specified.
2022-01-02 10:06:56 0 [ERROR] InnoDB: If you are installing InnoDB, remember that you must create directories yourself, InnoDB does not create them.
2022-01-02 10:06:56 0 [ERROR] InnoDB: Cannot open datafile for read-only: '.\phpmyadmin\pma__history.ibd' OS error: 203
2022-01-02 10:06:56 0 [ERROR] InnoDB: Operating system error number 203 in a file operation.
2022-01-02 10:06:56 0 [Note] InnoDB: Some operating system error numbers are described at https://mariadb.com/kb/en/library/operating-system-error-codes/
2022-01-02 10:06:56 0 [ERROR] InnoDB: Could not find a valid tablespace file for ``phpmyadmin`.`pma__history``. Please refer to https://mariadb.com/kb/en/innodb-data-dictionary-troubleshooting/ for how to resolve the issue.
2022-01-02 10:06:56 0 [Warning] InnoDB: Ignoring tablespace for `phpmyadmin`.`pma__history` because it could not be opened.
2022-01-02 10:06:56 0 [ERROR] InnoDB: Operating system error number 3 in a file operation.
2022-01-02 10:06:56 0 [ERROR] InnoDB: The error means the system cannot find the path specified.
2022-01-02 10:06:56 0 [ERROR] InnoDB: If you are installing InnoDB, remember that you must create directories yourself, InnoDB does not create them.
2022-01-02 10:06:56 0 [ERROR] InnoDB: Cannot open datafile for read-only: '.\phpmyadmin\pma__navigationhiding.ibd' OS error: 203
2022-01-02 10:06:56 0 [ERROR] InnoDB: Operating system error number 203 in a file operation.
2022-01-02 10:06:56 0 [Note] InnoDB: Some operating system error numbers are described at https://mariadb.com/kb/en/library/operating-system-error-codes/
2022-01-02 10:06:56 0 [ERROR] InnoDB: Could not find a valid tablespace file for ``phpmyadmin`.`pma__navigationhiding``. Please refer to https://mariadb.com/kb/en/innodb-data-dictionary-troubleshooting/ for how to resolve the issue.
2022-01-02 10:06:56 0 [Warning] InnoDB: Ignoring tablespace for `phpmyadmin`.`pma__navigationhiding` because it could not be opened.
2022-01-02 10:06:56 0 [ERROR] InnoDB: Operating system error number 3 in a file operation.
2022-01-02 10:06:56 0 [ERROR] InnoDB: The error means the system cannot find the path specified.
2022-01-02 10:06:56 0 [ERROR] InnoDB: If you are installing InnoDB, remember that you must create directories yourself, InnoDB does not create them.
2022-01-02 10:06:56 0 [ERROR] InnoDB: Cannot open datafile for read-only: '.\phpmyadmin\pma__pdf_pages.ibd' OS error: 203
2022-01-02 10:06:56 0 [ERROR] InnoDB: Operating system error number 203 in a file operation.
2022-01-02 10:06:56 0 [Note] InnoDB: Some operating system error numbers are described at https://mariadb.com/kb/en/library/operating-system-error-codes/
2022-01-02 10:06:56 0 [ERROR] InnoDB: Could not find a valid tablespace file for ``phpmyadmin`.`pma__pdf_pages``. Please refer to https://mariadb.com/kb/en/innodb-data-dictionary-troubleshooting/ for how to resolve the issue.
2022-01-02 10:06:56 0 [Warning] InnoDB: Ignoring tablespace for `phpmyadmin`.`pma__pdf_pages` because it could not be opened.
2022-01-02 10:06:56 0 [ERROR] InnoDB: Operating system error number 3 in a file operation.
2022-01-02 10:06:56 0 [ERROR] InnoDB: The error means the system cannot find the path specified.
2022-01-02 10:06:56 0 [ERROR] InnoDB: If you are installing InnoDB, remember that you must create directories yourself, InnoDB does not create them.
2022-01-02 10:06:56 0 [ERROR] InnoDB: Cannot open datafile for read-only: '.\phpmyadmin\pma__recent.ibd' OS error: 203
2022-01-02 10:06:56 0 [ERROR] InnoDB: Operating system error number 203 in a file operation.
2022-01-02 10:06:56 0 [Note] InnoDB: Some operating system error numbers are described at https://mariadb.com/kb/en/library/operating-system-error-codes/
2022-01-02 10:06:56 0 [ERROR] InnoDB: Could not find a valid tablespace file for ``phpmyadmin`.`pma__recent``. Please refer to https://mariadb.com/kb/en/innodb-data-dictionary-troubleshooting/ for how to resolve the issue.
2022-01-02 10:06:56 0 [Warning] InnoDB: Ignoring tablespace for `phpmyadmin`.`pma__recent` because it could not be opened.
2022-01-02 10:06:56 0 [ERROR] InnoDB: Operating system error number 3 in a file operation.
2022-01-02 10:06:56 0 [ERROR] InnoDB: The error means the system cannot find the path specified.
2022-01-02 10:06:56 0 [ERROR] InnoDB: If you are installing InnoDB, remember that you must create directories yourself, InnoDB does not create them.
2022-01-02 10:06:56 0 [ERROR] InnoDB: Cannot open datafile for read-only: '.\phpmyadmin\pma__relation.ibd' OS error: 203
2022-01-02 10:06:56 0 [ERROR] InnoDB: Operating system error number 203 in a file operation.
2022-01-02 10:06:56 0 [Note] InnoDB: Some operating system error numbers are described at https://mariadb.com/kb/en/library/operating-system-error-codes/
2022-01-02 10:06:56 0 [ERROR] InnoDB: Could not find a valid tablespace file for ``phpmyadmin`.`pma__relation``. Please refer to https://mariadb.com/kb/en/innodb-data-dictionary-troubleshooting/ for how to resolve the issue.
2022-01-02 10:06:56 0 [Warning] InnoDB: Ignoring tablespace for `phpmyadmin`.`pma__relation` because it could not be opened.
2022-01-02 10:06:56 0 [ERROR] InnoDB: Operating system error number 3 in a file operation.
2022-01-02 10:06:56 0 [ERROR] InnoDB: The error means the system cannot find the path specified.
2022-01-02 10:06:56 0 [ERROR] InnoDB: If you are installing InnoDB, remember that you must create directories yourself, InnoDB does not create them.
2022-01-02 10:06:56 0 [ERROR] InnoDB: Cannot open datafile for read-only: '.\phpmyadmin\pma__savedsearches.ibd' OS error: 203
2022-01-02 10:06:56 0 [ERROR] InnoDB: Operating system error number 203 in a file operation.
2022-01-02 10:06:56 0 [Note] InnoDB: Some operating system error numbers are described at https://mariadb.com/kb/en/library/operating-system-error-codes/
2022-01-02 10:06:56 0 [ERROR] InnoDB: Could not find a valid tablespace file for ``phpmyadmin`.`pma__savedsearches``. Please refer to https://mariadb.com/kb/en/innodb-data-dictionary-troubleshooting/ for how to resolve the issue.
2022-01-02 10:06:56 0 [Warning] InnoDB: Ignoring tablespace for `phpmyadmin`.`pma__savedsearches` because it could not be opened.
2022-01-02 10:06:56 0 [ERROR] InnoDB: Operating system error number 3 in a file operation.
2022-01-02 10:06:56 0 [ERROR] InnoDB: The error means the system cannot find the path specified.
2022-01-02 10:06:56 0 [ERROR] InnoDB: If you are installing InnoDB, remember that you must create directories yourself, InnoDB does not create them.
2022-01-02 10:06:56 0 [ERROR] InnoDB: Cannot open datafile for read-only: '.\phpmyadmin\pma__table_coords.ibd' OS error: 203
2022-01-02 10:06:56 0 [ERROR] InnoDB: Operating system error number 203 in a file operation.
2022-01-02 10:06:56 0 [Note] InnoDB: Some operating system error numbers are described at https://mariadb.com/kb/en/library/operating-system-error-codes/
2022-01-02 10:06:56 0 [ERROR] InnoDB: Could not find a valid tablespace file for ``phpmyadmin`.`pma__table_coords``. Please refer to https://mariadb.com/kb/en/innodb-data-dictionary-troubleshooting/ for how to resolve the issue.
2022-01-02 10:06:56 0 [Warning] InnoDB: Ignoring tablespace for `phpmyadmin`.`pma__table_coords` because it could not be opened.
2022-01-02 10:06:56 0 [ERROR] InnoDB: Operating system error number 3 in a file operation.
2022-01-02 10:06:56 0 [ERROR] InnoDB: The error means the system cannot find the path specified.
2022-01-02 10:06:56 0 [ERROR] InnoDB: If you are installing InnoDB, remember that you must create directories yourself, InnoDB does not create them.
2022-01-02 10:06:56 0 [ERROR] InnoDB: Cannot open datafile for read-only: '.\phpmyadmin\pma__table_info.ibd' OS error: 203
2022-01-02 10:06:56 0 [ERROR] InnoDB: Operating system error number 203 in a file operation.
2022-01-02 10:06:56 0 [Note] InnoDB: Some operating system error numbers are described at https://mariadb.com/kb/en/library/operating-system-error-codes/
2022-01-02 10:06:56 0 [ERROR] InnoDB: Could not find a valid tablespace file for ``phpmyadmin`.`pma__table_info``. Please refer to https://mariadb.com/kb/en/innodb-data-dictionary-troubleshooting/ for how to resolve the issue.
2022-01-02 10:06:56 0 [Warning] InnoDB: Ignoring tablespace for `phpmyadmin`.`pma__table_info` because it could not be opened.
2022-01-02 10:06:56 0 [ERROR] InnoDB: Operating system error number 3 in a file operation.
2022-01-02 10:06:56 0 [ERROR] InnoDB: The error means the system cannot find the path specified.
2022-01-02 10:06:56 0 [ERROR] InnoDB: If you are installing InnoDB, remember that you must create directories yourself, InnoDB does not create them.
2022-01-02 10:06:56 0 [ERROR] InnoDB: Cannot open datafile for read-only: '.\phpmyadmin\pma__table_uiprefs.ibd' OS error: 203
2022-01-02 10:06:56 0 [ERROR] InnoDB: Operating system error number 203 in a file operation.
2022-01-02 10:06:56 0 [Note] InnoDB: Some operating system error numbers are described at https://mariadb.com/kb/en/library/operating-system-error-codes/
2022-01-02 10:06:56 0 [ERROR] InnoDB: Could not find a valid tablespace file for ``phpmyadmin`.`pma__table_uiprefs``. Please refer to https://mariadb.com/kb/en/innodb-data-dictionary-troubleshooting/ for how to resolve the issue.
2022-01-02 10:06:56 0 [Warning] InnoDB: Ignoring tablespace for `phpmyadmin`.`pma__table_uiprefs` because it could not be opened.
2022-01-02 10:06:56 0 [ERROR] InnoDB: Operating system error number 3 in a file operation.
2022-01-02 10:06:56 0 [ERROR] InnoDB: The error means the system cannot find the path specified.
2022-01-02 10:06:56 0 [ERROR] InnoDB: If you are installing InnoDB, remember that you must create directories yourself, InnoDB does not create them.
2022-01-02 10:06:56 0 [ERROR] InnoDB: Cannot open datafile for read-only: '.\phpmyadmin\pma__tracking.ibd' OS error: 203
2022-01-02 10:06:56 0 [ERROR] InnoDB: Operating system error number 203 in a file operation.
2022-01-02 10:06:56 0 [Note] InnoDB: Some operating system error numbers are described at https://mariadb.com/kb/en/library/operating-system-error-codes/
2022-01-02 10:06:56 0 [ERROR] InnoDB: Could not find a valid tablespace file for ``phpmyadmin`.`pma__tracking``. Please refer to https://mariadb.com/kb/en/innodb-data-dictionary-troubleshooting/ for how to resolve the issue.
2022-01-02 10:06:56 0 [Warning] InnoDB: Ignoring tablespace for `phpmyadmin`.`pma__tracking` because it could not be opened.
2022-01-02 10:06:56 0 [ERROR] InnoDB: Operating system error number 3 in a file operation.
2022-01-02 10:06:56 0 [ERROR] InnoDB: The error means the system cannot find the path specified.
2022-01-02 10:06:56 0 [ERROR] InnoDB: If you are installing InnoDB, remember that you must create directories yourself, InnoDB does not create them.
2022-01-02 10:06:56 0 [ERROR] InnoDB: Cannot open datafile for read-only: '.\phpmyadmin\pma__userconfig.ibd' OS error: 203
2022-01-02 10:06:56 0 [ERROR] InnoDB: Operating system error number 203 in a file operation.
2022-01-02 10:06:56 0 [Note] InnoDB: Some operating system error numbers are described at https://mariadb.com/kb/en/library/operating-system-error-codes/
2022-01-02 10:06:56 0 [ERROR] InnoDB: Could not find a valid tablespace file for ``phpmyadmin`.`pma__userconfig``. Please refer to https://mariadb.com/kb/en/innodb-data-dictionary-troubleshooting/ for how to resolve the issue.
2022-01-02 10:06:56 0 [Warning] InnoDB: Ignoring tablespace for `phpmyadmin`.`pma__userconfig` because it could not be opened.
2022-01-02 10:06:56 0 [ERROR] InnoDB: Operating system error number 3 in a file operation.
2022-01-02 10:06:56 0 [ERROR] InnoDB: The error means the system cannot find the path specified.
2022-01-02 10:06:56 0 [ERROR] InnoDB: If you are installing InnoDB, remember that you must create directories yourself, InnoDB does not create them.
2022-01-02 10:06:56 0 [ERROR] InnoDB: Cannot open datafile for read-only: '.\phpmyadmin\pma__usergroups.ibd' OS error: 203
2022-01-02 10:06:56 0 [ERROR] InnoDB: Operating system error number 203 in a file operation.
2022-01-02 10:06:56 0 [Note] InnoDB: Some operating system error numbers are described at https://mariadb.com/kb/en/library/operating-system-error-codes/
2022-01-02 10:06:56 0 [ERROR] InnoDB: Could not find a valid tablespace file for ``phpmyadmin`.`pma__usergroups``. Please refer to https://mariadb.com/kb/en/innodb-data-dictionary-troubleshooting/ for how to resolve the issue.
2022-01-02 10:06:56 0 [Warning] InnoDB: Ignoring tablespace for `phpmyadmin`.`pma__usergroups` because it could not be opened.
2022-01-02 10:06:56 0 [ERROR] InnoDB: Operating system error number 3 in a file operation.
2022-01-02 10:06:56 0 [ERROR] InnoDB: The error means the system cannot find the path specified.
2022-01-02 10:06:56 0 [ERROR] InnoDB: If you are installing InnoDB, remember that you must create directories yourself, InnoDB does not create them.
2022-01-02 10:06:56 0 [ERROR] InnoDB: Cannot open datafile for read-only: '.\phpmyadmin\pma__users.ibd' OS error: 203
2022-01-02 10:06:56 0 [ERROR] InnoDB: Operating system error number 203 in a file operation.
2022-01-02 10:06:56 0 [Note] InnoDB: Some operating system error numbers are described at https://mariadb.com/kb/en/library/operating-system-error-codes/
2022-01-02 10:06:56 0 [ERROR] InnoDB: Could not find a valid tablespace file for ``phpmyadmin`.`pma__users``. Please refer to https://mariadb.com/kb/en/innodb-data-dictionary-troubleshooting/ for how to resolve the issue.
2022-01-02 10:06:56 0 [Warning] InnoDB: Ignoring tablespace for `phpmyadmin`.`pma__users` because it could not be opened.
2022-01-02 10:06:56 0 [Note] InnoDB: 128 out of 128 rollback segments are active.
2022-01-02 10:06:56 0 [Note] InnoDB: Creating shared tablespace for temporary tables
2022-01-02 10:06:56 0 [Note] InnoDB: Setting file 'D:\Moodle\server\mysql\data\ibtmp1' size to 12 MB. Physically writing the file full; Please wait ...
2022-01-02 10:06:56 0 [Note] InnoDB: File 'D:\Moodle\server\mysql\data\ibtmp1' size is now 12 MB.
2022-01-02 10:06:56 0 [Note] InnoDB: Waiting for purge to start
2022-01-02 10:06:57 0 [Note] InnoDB: 10.4.8 started; log sequence number 13144699; transaction id 26679
2022-01-02 10:06:57 0 [Note] InnoDB: Loading buffer pool(s) from D:\Moodle\server\mysql\data\ib_buffer_pool
2022-01-02 10:06:57 0 [Note] Plugin 'FEEDBACK' is disabled.
2022-01-02 10:06:57 0 [Note] Server socket created on IP: '::'.
2022-01-02 10:06:57 0 [Note] Reading of all Master_info entries succeeded
2022-01-02 10:06:57 0 [Note] Added new Master_info '' to hash table
2022-01-02 10:06:57 0 [Note] mysql\bin\mysqld.exe: ready for connections.
Version: '10.4.8-MariaDB'  socket: ''  port: 3306  mariadb.org binary distribution
2022-01-02 10:06:59 0 [Note] InnoDB: Buffer pool(s) load completed at 220102 10:06:59
2022-01-02 10:08:32 0 [Warning] The parameter innodb_large_prefix is deprecated and has no effect. It may be removed in future releases. See https://mariadb.com/kb/en/library/xtradbinnodb-file-format/
InnoDB: using atomic writes.
2022-01-02 10:08:32 0 [ERROR] InnoDB: The innodb_system data file 'ibdata1' must be writable
2022-01-02 10:08:32 0 [ERROR] InnoDB: The innodb_system data file 'ibdata1' must be writable
2022-01-02 10:08:32 0 [ERROR] Plugin 'InnoDB' init function returned error.
2022-01-02 10:08:32 0 [ERROR] Plugin 'InnoDB' registration as a STORAGE ENGINE failed.
2022-01-02 10:08:32 0 [Note] Plugin 'FEEDBACK' is disabled.
2022-01-02 10:08:32 0 [ERROR] Unknown/unsupported storage engine: innodb
2022-01-02 10:08:32 0 [ERROR] Aborting
2022-01-02 10:09:34 0 [Note] mysql\bin\mysqld.exe (initiated by: unknown): Normal shutdown
2022-01-02 10:09:34 0 [Note] Event Scheduler: Purging the queue. 0 events
2022-01-02 10:09:34 0 [Note] InnoDB: FTS optimize thread exiting.
2022-01-02 10:09:34 0 [Note] InnoDB: Starting shutdown...
2022-01-02 10:09:34 0 [Note] InnoDB: Dumping buffer pool(s) to D:\Moodle\server\mysql\data\ib_buffer_pool
2022-01-02 10:09:34 0 [Note] InnoDB: Buffer pool(s) dump completed at 220102 10:09:34
2022-01-02 10:09:35 0 [Note] InnoDB: Shutdown completed; log sequence number 13156312; transaction id 26715
2022-01-02 10:09:35 0 [Note] InnoDB: Removed temporary tablespace data file: "ibtmp1"
2022-01-02 10:09:36 0 [Note] mysql\bin\mysqld.exe: Shutdown complete

2022-01-02 13:51:23 0 [Warning] The parameter innodb_large_prefix is deprecated and has no effect. It may be removed in future releases. See https://mariadb.com/kb/en/library/xtradbinnodb-file-format/
InnoDB: using atomic writes.
2022-01-02 13:51:23 0 [Note] InnoDB: Mutexes and rw_locks use Windows interlocked functions
2022-01-02 13:51:23 0 [Note] InnoDB: Uses event mutexes
2022-01-02 13:51:23 0 [Note] InnoDB: Compressed tables use zlib 1.2.11
2022-01-02 13:51:23 0 [Note] InnoDB: Number of pools: 1
2022-01-02 13:51:23 0 [Note] InnoDB: Using SSE2 crc32 instructions
2022-01-02 13:51:24 0 [Note] InnoDB: Initializing buffer pool, total size = 256M, instances = 1, chunk size = 128M
2022-01-02 13:51:24 0 [Note] InnoDB: Completed initialization of buffer pool
2022-01-02 13:51:33 0 [ERROR] InnoDB: Operating system error number 3 in a file operation.
2022-01-02 13:51:33 0 [ERROR] InnoDB: The error means the system cannot find the path specified.
2022-01-02 13:51:33 0 [ERROR] InnoDB: If you are installing InnoDB, remember that you must create directories yourself, InnoDB does not create them.
2022-01-02 13:51:33 0 [ERROR] InnoDB: Cannot open datafile for read-only: '.\phpmyadmin\pma__bookmark.ibd' OS error: 203
2022-01-02 13:51:33 0 [ERROR] InnoDB: Operating system error number 203 in a file operation.
2022-01-02 13:51:33 0 [Note] InnoDB: Some operating system error numbers are described at https://mariadb.com/kb/en/library/operating-system-error-codes/
2022-01-02 13:51:33 0 [ERROR] InnoDB: Could not find a valid tablespace file for ``phpmyadmin`.`pma__bookmark``. Please refer to https://mariadb.com/kb/en/innodb-data-dictionary-troubleshooting/ for how to resolve the issue.
2022-01-02 13:51:33 0 [Warning] InnoDB: Ignoring tablespace for `phpmyadmin`.`pma__bookmark` because it could not be opened.
2022-01-02 13:51:33 0 [ERROR] InnoDB: Operating system error number 3 in a file operation.
2022-01-02 13:51:33 0 [ERROR] InnoDB: The error means the system cannot find the path specified.
2022-01-02 13:51:33 0 [ERROR] InnoDB: If you are installing InnoDB, remember that you must create directories yourself, InnoDB does not create them.
2022-01-02 13:51:33 0 [ERROR] InnoDB: Cannot open datafile for read-only: '.\phpmyadmin\pma__central_columns.ibd' OS error: 203
2022-01-02 13:51:33 0 [ERROR] InnoDB: Operating system error number 203 in a file operation.
2022-01-02 13:51:33 0 [Note] InnoDB: Some operating system error numbers are described at https://mariadb.com/kb/en/library/operating-system-error-codes/
2022-01-02 13:51:33 0 [ERROR] InnoDB: Could not find a valid tablespace file for ``phpmyadmin`.`pma__central_columns``. Please refer to https://mariadb.com/kb/en/innodb-data-dictionary-troubleshooting/ for how to resolve the issue.
2022-01-02 13:51:33 0 [Warning] InnoDB: Ignoring tablespace for `phpmyadmin`.`pma__central_columns` because it could not be opened.
2022-01-02 13:51:33 0 [ERROR] InnoDB: Operating system error number 3 in a file operation.
2022-01-02 13:51:33 0 [ERROR] InnoDB: The error means the system cannot find the path specified.
2022-01-02 13:51:33 0 [ERROR] InnoDB: If you are installing InnoDB, remember that you must create directories yourself, InnoDB does not create them.
2022-01-02 13:51:33 0 [ERROR] InnoDB: Cannot open datafile for read-only: '.\phpmyadmin\pma__column_info.ibd' OS error: 203
2022-01-02 13:51:33 0 [ERROR] InnoDB: Operating system error number 203 in a file operation.
2022-01-02 13:51:33 0 [Note] InnoDB: Some operating system error numbers are described at https://mariadb.com/kb/en/library/operating-system-error-codes/
2022-01-02 13:51:33 0 [ERROR] InnoDB: Could not find a valid tablespace file for ``phpmyadmin`.`pma__column_info``. Please refer to https://mariadb.com/kb/en/innodb-data-dictionary-troubleshooting/ for how to resolve the issue.
2022-01-02 13:51:33 0 [Warning] InnoDB: Ignoring tablespace for `phpmyadmin`.`pma__column_info` because it could not be opened.
2022-01-02 13:51:33 0 [ERROR] InnoDB: Operating system error number 3 in a file operation.
2022-01-02 13:51:33 0 [ERROR] InnoDB: The error means the system cannot find the path specified.
2022-01-02 13:51:33 0 [ERROR] InnoDB: If you are installing InnoDB, remember that you must create directories yourself, InnoDB does not create them.
2022-01-02 13:51:33 0 [ERROR] InnoDB: Cannot open datafile for read-only: '.\phpmyadmin\pma__designer_settings.ibd' OS error: 203
2022-01-02 13:51:33 0 [ERROR] InnoDB: Operating system error number 203 in a file operation.
2022-01-02 13:51:33 0 [Note] InnoDB: Some operating system error numbers are described at https://mariadb.com/kb/en/library/operating-system-error-codes/
2022-01-02 13:51:33 0 [ERROR] InnoDB: Could not find a valid tablespace file for ``phpmyadmin`.`pma__designer_settings``. Please refer to https://mariadb.com/kb/en/innodb-data-dictionary-troubleshooting/ for how to resolve the issue.
2022-01-02 13:51:33 0 [Warning] InnoDB: Ignoring tablespace for `phpmyadmin`.`pma__designer_settings` because it could not be opened.
2022-01-02 13:51:33 0 [ERROR] InnoDB: Operating system error number 3 in a file operation.
2022-01-02 13:51:33 0 [ERROR] InnoDB: The error means the system cannot find the path specified.
2022-01-02 13:51:33 0 [ERROR] InnoDB: If you are installing InnoDB, remember that you must create directories yourself, InnoDB does not create them.
2022-01-02 13:51:33 0 [ERROR] InnoDB: Cannot open datafile for read-only: '.\phpmyadmin\pma__export_templates.ibd' OS error: 203
2022-01-02 13:51:33 0 [ERROR] InnoDB: Operating system error number 203 in a file operation.
2022-01-02 13:51:33 0 [Note] InnoDB: Some operating system error numbers are described at https://mariadb.com/kb/en/library/operating-system-error-codes/
2022-01-02 13:51:33 0 [ERROR] InnoDB: Could not find a valid tablespace file for ``phpmyadmin`.`pma__export_templates``. Please refer to https://mariadb.com/kb/en/innodb-data-dictionary-troubleshooting/ for how to resolve the issue.
2022-01-02 13:51:33 0 [Warning] InnoDB: Ignoring tablespace for `phpmyadmin`.`pma__export_templates` because it could not be opened.
2022-01-02 13:51:33 0 [ERROR] InnoDB: Operating system error number 3 in a file operation.
2022-01-02 13:51:33 0 [ERROR] InnoDB: The error means the system cannot find the path specified.
2022-01-02 13:51:33 0 [ERROR] InnoDB: If you are installing InnoDB, remember that you must create directories yourself, InnoDB does not create them.
2022-01-02 13:51:33 0 [ERROR] InnoDB: Cannot open datafile for read-only: '.\phpmyadmin\pma__favorite.ibd' OS error: 203
2022-01-02 13:51:33 0 [ERROR] InnoDB: Operating system error number 203 in a file operation.
2022-01-02 13:51:33 0 [Note] InnoDB: Some operating system error numbers are described at https://mariadb.com/kb/en/library/operating-system-error-codes/
2022-01-02 13:51:33 0 [ERROR] InnoDB: Could not find a valid tablespace file for ``phpmyadmin`.`pma__favorite``. Please refer to https://mariadb.com/kb/en/innodb-data-dictionary-troubleshooting/ for how to resolve the issue.
2022-01-02 13:51:33 0 [Warning] InnoDB: Ignoring tablespace for `phpmyadmin`.`pma__favorite` because it could not be opened.
2022-01-02 13:51:33 0 [ERROR] InnoDB: Operating system error number 3 in a file operation.
2022-01-02 13:51:33 0 [ERROR] InnoDB: The error means the system cannot find the path specified.
2022-01-02 13:51:33 0 [ERROR] InnoDB: If you are installing InnoDB, remember that you must create directories yourself, InnoDB does not create them.
2022-01-02 13:51:33 0 [ERROR] InnoDB: Cannot open datafile for read-only: '.\phpmyadmin\pma__history.ibd' OS error: 203
2022-01-02 13:51:33 0 [ERROR] InnoDB: Operating system error number 203 in a file operation.
2022-01-02 13:51:33 0 [Note] InnoDB: Some operating system error numbers are described at https://mariadb.com/kb/en/library/operating-system-error-codes/
2022-01-02 13:51:33 0 [ERROR] InnoDB: Could not find a valid tablespace file for ``phpmyadmin`.`pma__history``. Please refer to https://mariadb.com/kb/en/innodb-data-dictionary-troubleshooting/ for how to resolve the issue.
2022-01-02 13:51:33 0 [Warning] InnoDB: Ignoring tablespace for `phpmyadmin`.`pma__history` because it could not be opened.
2022-01-02 13:51:33 0 [ERROR] InnoDB: Operating system error number 3 in a file operation.
2022-01-02 13:51:33 0 [ERROR] InnoDB: The error means the system cannot find the path specified.
2022-01-02 13:51:33 0 [ERROR] InnoDB: If you are installing InnoDB, remember that you must create directories yourself, InnoDB does not create them.
2022-01-02 13:51:33 0 [ERROR] InnoDB: Cannot open datafile for read-only: '.\phpmyadmin\pma__navigationhiding.ibd' OS error: 203
2022-01-02 13:51:33 0 [ERROR] InnoDB: Operating system error number 203 in a file operation.
2022-01-02 13:51:33 0 [Note] InnoDB: Some operating system error numbers are described at https://mariadb.com/kb/en/library/operating-system-error-codes/
2022-01-02 13:51:33 0 [ERROR] InnoDB: Could not find a valid tablespace file for ``phpmyadmin`.`pma__navigationhiding``. Please refer to https://mariadb.com/kb/en/innodb-data-dictionary-troubleshooting/ for how to resolve the issue.
2022-01-02 13:51:33 0 [Warning] InnoDB: Ignoring tablespace for `phpmyadmin`.`pma__navigationhiding` because it could not be opened.
2022-01-02 13:51:33 0 [ERROR] InnoDB: Operating system error number 3 in a file operation.
2022-01-02 13:51:33 0 [ERROR] InnoDB: The error means the system cannot find the path specified.
2022-01-02 13:51:33 0 [ERROR] InnoDB: If you are installing InnoDB, remember that you must create directories yourself, InnoDB does not create them.
2022-01-02 13:51:33 0 [ERROR] InnoDB: Cannot open datafile for read-only: '.\phpmyadmin\pma__pdf_pages.ibd' OS error: 203
2022-01-02 13:51:33 0 [ERROR] InnoDB: Operating system error number 203 in a file operation.
2022-01-02 13:51:33 0 [Note] InnoDB: Some operating system error numbers are described at https://mariadb.com/kb/en/library/operating-system-error-codes/
2022-01-02 13:51:33 0 [ERROR] InnoDB: Could not find a valid tablespace file for ``phpmyadmin`.`pma__pdf_pages``. Please refer to https://mariadb.com/kb/en/innodb-data-dictionary-troubleshooting/ for how to resolve the issue.
2022-01-02 13:51:33 0 [Warning] InnoDB: Ignoring tablespace for `phpmyadmin`.`pma__pdf_pages` because it could not be opened.
2022-01-02 13:51:33 0 [ERROR] InnoDB: Operating system error number 3 in a file operation.
2022-01-02 13:51:33 0 [ERROR] InnoDB: The error means the system cannot find the path specified.
2022-01-02 13:51:33 0 [ERROR] InnoDB: If you are installing InnoDB, remember that you must create directories yourself, InnoDB does not create them.
2022-01-02 13:51:33 0 [ERROR] InnoDB: Cannot open datafile for read-only: '.\phpmyadmin\pma__recent.ibd' OS error: 203
2022-01-02 13:51:33 0 [ERROR] InnoDB: Operating system error number 203 in a file operation.
2022-01-02 13:51:33 0 [Note] InnoDB: Some operating system error numbers are described at https://mariadb.com/kb/en/library/operating-system-error-codes/
2022-01-02 13:51:33 0 [ERROR] InnoDB: Could not find a valid tablespace file for ``phpmyadmin`.`pma__recent``. Please refer to https://mariadb.com/kb/en/innodb-data-dictionary-troubleshooting/ for how to resolve the issue.
2022-01-02 13:51:33 0 [Warning] InnoDB: Ignoring tablespace for `phpmyadmin`.`pma__recent` because it could not be opened.
2022-01-02 13:51:33 0 [ERROR] InnoDB: Operating system error number 3 in a file operation.
2022-01-02 13:51:33 0 [ERROR] InnoDB: The error means the system cannot find the path specified.
2022-01-02 13:51:33 0 [ERROR] InnoDB: If you are installing InnoDB, remember that you must create directories yourself, InnoDB does not create them.
2022-01-02 13:51:33 0 [ERROR] InnoDB: Cannot open datafile for read-only: '.\phpmyadmin\pma__relation.ibd' OS error: 203
2022-01-02 13:51:33 0 [ERROR] InnoDB: Operating system error number 203 in a file operation.
2022-01-02 13:51:33 0 [Note] InnoDB: Some operating system error numbers are described at https://mariadb.com/kb/en/library/operating-system-error-codes/
2022-01-02 13:51:33 0 [ERROR] InnoDB: Could not find a valid tablespace file for ``phpmyadmin`.`pma__relation``. Please refer to https://mariadb.com/kb/en/innodb-data-dictionary-troubleshooting/ for how to resolve the issue.
2022-01-02 13:51:33 0 [Warning] InnoDB: Ignoring tablespace for `phpmyadmin`.`pma__relation` because it could not be opened.
2022-01-02 13:51:33 0 [ERROR] InnoDB: Operating system error number 3 in a file operation.
2022-01-02 13:51:33 0 [ERROR] InnoDB: The error means the system cannot find the path specified.
2022-01-02 13:51:33 0 [ERROR] InnoDB: If you are installing InnoDB, remember that you must create directories yourself, InnoDB does not create them.
2022-01-02 13:51:33 0 [ERROR] InnoDB: Cannot open datafile for read-only: '.\phpmyadmin\pma__savedsearches.ibd' OS error: 203
2022-01-02 13:51:33 0 [ERROR] InnoDB: Operating system error number 203 in a file operation.
2022-01-02 13:51:33 0 [Note] InnoDB: Some operating system error numbers are described at https://mariadb.com/kb/en/library/operating-system-error-codes/
2022-01-02 13:51:33 0 [ERROR] InnoDB: Could not find a valid tablespace file for ``phpmyadmin`.`pma__savedsearches``. Please refer to https://mariadb.com/kb/en/innodb-data-dictionary-troubleshooting/ for how to resolve the issue.
2022-01-02 13:51:33 0 [Warning] InnoDB: Ignoring tablespace for `phpmyadmin`.`pma__savedsearches` because it could not be opened.
2022-01-02 13:51:33 0 [ERROR] InnoDB: Operating system error number 3 in a file operation.
2022-01-02 13:51:33 0 [ERROR] InnoDB: The error means the system cannot find the path specified.
2022-01-02 13:51:33 0 [ERROR] InnoDB: If you are installing InnoDB, remember that you must create directories yourself, InnoDB does not create them.
2022-01-02 13:51:33 0 [ERROR] InnoDB: Cannot open datafile for read-only: '.\phpmyadmin\pma__table_coords.ibd' OS error: 203
2022-01-02 13:51:33 0 [ERROR] InnoDB: Operating system error number 203 in a file operation.
2022-01-02 13:51:33 0 [Note] InnoDB: Some operating system error numbers are described at https://mariadb.com/kb/en/library/operating-system-error-codes/
2022-01-02 13:51:33 0 [ERROR] InnoDB: Could not find a valid tablespace file for ``phpmyadmin`.`pma__table_coords``. Please refer to https://mariadb.com/kb/en/innodb-data-dictionary-troubleshooting/ for how to resolve the issue.
2022-01-02 13:51:33 0 [Warning] InnoDB: Ignoring tablespace for `phpmyadmin`.`pma__table_coords` because it could not be opened.
2022-01-02 13:51:33 0 [ERROR] InnoDB: Operating system error number 3 in a file operation.
2022-01-02 13:51:33 0 [ERROR] InnoDB: The error means the system cannot find the path specified.
2022-01-02 13:51:33 0 [ERROR] InnoDB: If you are installing InnoDB, remember that you must create directories yourself, InnoDB does not create them.
2022-01-02 13:51:33 0 [ERROR] InnoDB: Cannot open datafile for read-only: '.\phpmyadmin\pma__table_info.ibd' OS error: 203
2022-01-02 13:51:33 0 [ERROR] InnoDB: Operating system error number 203 in a file operation.
2022-01-02 13:51:33 0 [Note] InnoDB: Some operating system error numbers are described at https://mariadb.com/kb/en/library/operating-system-error-codes/
2022-01-02 13:51:33 0 [ERROR] InnoDB: Could not find a valid tablespace file for ``phpmyadmin`.`pma__table_info``. Please refer to https://mariadb.com/kb/en/innodb-data-dictionary-troubleshooting/ for how to resolve the issue.
2022-01-02 13:51:33 0 [Warning] InnoDB: Ignoring tablespace for `phpmyadmin`.`pma__table_info` because it could not be opened.
2022-01-02 13:51:33 0 [ERROR] InnoDB: Operating system error number 3 in a file operation.
2022-01-02 13:51:33 0 [ERROR] InnoDB: The error means the system cannot find the path specified.
2022-01-02 13:51:33 0 [ERROR] InnoDB: If you are installing InnoDB, remember that you must create directories yourself, InnoDB does not create them.
2022-01-02 13:51:33 0 [ERROR] InnoDB: Cannot open datafile for read-only: '.\phpmyadmin\pma__table_uiprefs.ibd' OS error: 203
2022-01-02 13:51:33 0 [ERROR] InnoDB: Operating system error number 203 in a file operation.
2022-01-02 13:51:33 0 [Note] InnoDB: Some operating system error numbers are described at https://mariadb.com/kb/en/library/operating-system-error-codes/
2022-01-02 13:51:33 0 [ERROR] InnoDB: Could not find a valid tablespace file for ``phpmyadmin`.`pma__table_uiprefs``. Please refer to https://mariadb.com/kb/en/innodb-data-dictionary-troubleshooting/ for how to resolve the issue.
2022-01-02 13:51:33 0 [Warning] InnoDB: Ignoring tablespace for `phpmyadmin`.`pma__table_uiprefs` because it could not be opened.
2022-01-02 13:51:33 0 [ERROR] InnoDB: Operating system error number 3 in a file operation.
2022-01-02 13:51:33 0 [ERROR] InnoDB: The error means the system cannot find the path specified.
2022-01-02 13:51:33 0 [ERROR] InnoDB: If you are installing InnoDB, remember that you must create directories yourself, InnoDB does not create them.
2022-01-02 13:51:33 0 [ERROR] InnoDB: Cannot open datafile for read-only: '.\phpmyadmin\pma__tracking.ibd' OS error: 203
2022-01-02 13:51:33 0 [ERROR] InnoDB: Operating system error number 203 in a file operation.
2022-01-02 13:51:33 0 [Note] InnoDB: Some operating system error numbers are described at https://mariadb.com/kb/en/library/operating-system-error-codes/
2022-01-02 13:51:33 0 [ERROR] InnoDB: Could not find a valid tablespace file for ``phpmyadmin`.`pma__tracking``. Please refer to https://mariadb.com/kb/en/innodb-data-dictionary-troubleshooting/ for how to resolve the issue.
2022-01-02 13:51:33 0 [Warning] InnoDB: Ignoring tablespace for `phpmyadmin`.`pma__tracking` because it could not be opened.
2022-01-02 13:51:33 0 [ERROR] InnoDB: Operating system error number 3 in a file operation.
2022-01-02 13:51:33 0 [ERROR] InnoDB: The error means the system cannot find the path specified.
2022-01-02 13:51:33 0 [ERROR] InnoDB: If you are installing InnoDB, remember that you must create directories yourself, InnoDB does not create them.
2022-01-02 13:51:33 0 [ERROR] InnoDB: Cannot open datafile for read-only: '.\phpmyadmin\pma__userconfig.ibd' OS error: 203
2022-01-02 13:51:33 0 [ERROR] InnoDB: Operating system error number 203 in a file operation.
2022-01-02 13:51:33 0 [Note] InnoDB: Some operating system error numbers are described at https://mariadb.com/kb/en/library/operating-system-error-codes/
2022-01-02 13:51:33 0 [ERROR] InnoDB: Could not find a valid tablespace file for ``phpmyadmin`.`pma__userconfig``. Please refer to https://mariadb.com/kb/en/innodb-data-dictionary-troubleshooting/ for how to resolve the issue.
2022-01-02 13:51:33 0 [Warning] InnoDB: Ignoring tablespace for `phpmyadmin`.`pma__userconfig` because it could not be opened.
2022-01-02 13:51:33 0 [ERROR] InnoDB: Operating system error number 3 in a file operation.
2022-01-02 13:51:33 0 [ERROR] InnoDB: The error means the system cannot find the path specified.
2022-01-02 13:51:33 0 [ERROR] InnoDB: If you are installing InnoDB, remember that you must create directories yourself, InnoDB does not create them.
2022-01-02 13:51:33 0 [ERROR] InnoDB: Cannot open datafile for read-only: '.\phpmyadmin\pma__usergroups.ibd' OS error: 203
2022-01-02 13:51:33 0 [ERROR] InnoDB: Operating system error number 203 in a file operation.
2022-01-02 13:51:33 0 [Note] InnoDB: Some operating system error numbers are described at https://mariadb.com/kb/en/library/operating-system-error-codes/
2022-01-02 13:51:33 0 [ERROR] InnoDB: Could not find a valid tablespace file for ``phpmyadmin`.`pma__usergroups``. Please refer to https://mariadb.com/kb/en/innodb-data-dictionary-troubleshooting/ for how to resolve the issue.
2022-01-02 13:51:33 0 [Warning] InnoDB: Ignoring tablespace for `phpmyadmin`.`pma__usergroups` because it could not be opened.
2022-01-02 13:51:33 0 [ERROR] InnoDB: Operating system error number 3 in a file operation.
2022-01-02 13:51:33 0 [ERROR] InnoDB: The error means the system cannot find the path specified.
2022-01-02 13:51:33 0 [ERROR] InnoDB: If you are installing InnoDB, remember that you must create directories yourself, InnoDB does not create them.
2022-01-02 13:51:33 0 [ERROR] InnoDB: Cannot open datafile for read-only: '.\phpmyadmin\pma__users.ibd' OS error: 203
2022-01-02 13:51:33 0 [ERROR] InnoDB: Operating system error number 203 in a file operation.
2022-01-02 13:51:33 0 [Note] InnoDB: Some operating system error numbers are described at https://mariadb.com/kb/en/library/operating-system-error-codes/
2022-01-02 13:51:33 0 [ERROR] InnoDB: Could not find a valid tablespace file for ``phpmyadmin`.`pma__users``. Please refer to https://mariadb.com/kb/en/innodb-data-dictionary-troubleshooting/ for how to resolve the issue.
2022-01-02 13:51:33 0 [Warning] InnoDB: Ignoring tablespace for `phpmyadmin`.`pma__users` because it could not be opened.
2022-01-02 13:51:34 0 [Note] InnoDB: 128 out of 128 rollback segments are active.
2022-01-02 13:51:34 0 [Note] InnoDB: Creating shared tablespace for temporary tables
2022-01-02 13:51:34 0 [Note] InnoDB: Setting file 'D:\Moodle\server\mysql\data\ibtmp1' size to 12 MB. Physically writing the file full; Please wait ...
2022-01-02 13:51:34 0 [Note] InnoDB: File 'D:\Moodle\server\mysql\data\ibtmp1' size is now 12 MB.
2022-01-02 13:51:34 0 [Note] InnoDB: Waiting for purge to start
2022-01-02 13:51:34 0 [Note] InnoDB: 10.4.8 started; log sequence number 13156312; transaction id 26714
2022-01-02 13:51:34 0 [Note] InnoDB: Loading buffer pool(s) from D:\Moodle\server\mysql\data\ib_buffer_pool
2022-01-02 13:51:34 0 [Note] Plugin 'FEEDBACK' is disabled.
2022-01-02 13:51:35 0 [Note] Server socket created on IP: '::'.
2022-01-02 13:51:36 0 [Note] Reading of all Master_info entries succeeded
2022-01-02 13:51:36 0 [Note] Added new Master_info '' to hash table
2022-01-02 13:51:36 0 [Note] mysql\bin\mysqld.exe: ready for connections.
Version: '10.4.8-MariaDB'  socket: ''  port: 3306  mariadb.org binary distribution
2022-01-02 13:51:39 0 [Note] InnoDB: Buffer pool(s) load completed at 220102 13:51:39
2022-01-02 14:26:36 0 [Note] mysql\bin\mysqld.exe (initiated by: unknown): Normal shutdown
2022-01-02 14:26:36 0 [Note] Event Scheduler: Purging the queue. 0 events
2022-01-02 14:26:36 0 [Note] InnoDB: FTS optimize thread exiting.
2022-01-02 14:26:37 0 [Note] InnoDB: Starting shutdown...
2022-01-02 14:26:37 0 [Note] InnoDB: Dumping buffer pool(s) to D:\Moodle\server\mysql\data\ib_buffer_pool
2022-01-02 14:26:37 0 [Note] InnoDB: Buffer pool(s) dump completed at 220102 14:26:37
2022-01-02 14:26:38 0 [Note] InnoDB: Shutdown completed; log sequence number 13557271; transaction id 27166
2022-01-02 14:26:38 0 [Note] InnoDB: Removed temporary tablespace data file: "ibtmp1"
2022-01-02 14:26:38 0 [Note] mysql\bin\mysqld.exe: Shutdown complete

