[Sat Jan 01 15:54:33.774463 2022] [ssl:warn] [pid 2516:tid 620] AH01909: www.example.com:443:0 server certificate does NOT include an ID which matches the server name
[Sat Jan 01 15:54:33.942669 2022] [ssl:warn] [pid 2516:tid 620] AH01909: www.example.com:443:0 server certificate does NOT include an ID which matches the server name
PHP Warning:  Module 'openssl' already loaded in Unknown on line 0
[Sat Jan 01 15:54:34.453194 2022] [mpm_winnt:notice] [pid 2516:tid 620] AH00455: Apache/2.4.41 (Win64) OpenSSL/1.1.1c PHP/7.3.11 configured -- resuming normal operations
[Sat Jan 01 15:54:34.453194 2022] [mpm_winnt:notice] [pid 2516:tid 620] AH00456: Apache Lounge VC15 Server built: Aug 11 2019 12:20:04
[Sat Jan 01 15:54:34.453194 2022] [core:notice] [pid 2516:tid 620] AH00094: Command line: 'apache\\bin\\httpd.exe -d D:/Moodle/server/apache -f conf\\httpd.conf'
[Sat Jan 01 15:54:34.466127 2022] [mpm_winnt:notice] [pid 2516:tid 620] AH00418: Parent: Created child process 6888
[Sat Jan 01 15:54:35.289023 2022] [ssl:warn] [pid 6888:tid 596] AH01909: www.example.com:443:0 server certificate does NOT include an ID which matches the server name
[Sat Jan 01 15:54:35.359536 2022] [ssl:warn] [pid 6888:tid 596] AH01909: www.example.com:443:0 server certificate does NOT include an ID which matches the server name
PHP Warning:  Module 'openssl' already loaded in Unknown on line 0
[Sat Jan 01 15:54:35.402428 2022] [mpm_winnt:notice] [pid 6888:tid 596] AH00354: Child: Starting 150 worker threads.
[Sat Jan 01 16:05:30.723184 2022] [mpm_winnt:notice] [pid 2516:tid 620] AH00422: Parent: Received shutdown signal -- Shutting down the server.
[Sat Jan 01 16:05:32.744516 2022] [mpm_winnt:notice] [pid 6888:tid 596] AH00364: Child: All worker threads have exited.
[Sat Jan 01 16:05:32.822627 2022] [mpm_winnt:notice] [pid 2516:tid 620] AH00430: Parent: Child process 6888 exited successfully.
[Sun Jan 02 10:08:32.914666 2022] [ssl:warn] [pid 8500:tid 548] AH01909: www.example.com:443:0 server certificate does NOT include an ID which matches the server name
[Sun Jan 02 10:08:33.217724 2022] [ssl:warn] [pid 8500:tid 548] AH01909: www.example.com:443:0 server certificate does NOT include an ID which matches the server name
PHP Warning:  Module 'openssl' already loaded in Unknown on line 0
[Sun Jan 02 10:08:33.485281 2022] [mpm_winnt:notice] [pid 8500:tid 548] AH00455: Apache/2.4.41 (Win64) OpenSSL/1.1.1c PHP/7.3.11 configured -- resuming normal operations
[Sun Jan 02 10:08:33.485281 2022] [mpm_winnt:notice] [pid 8500:tid 548] AH00456: Apache Lounge VC15 Server built: Aug 11 2019 12:20:04
[Sun Jan 02 10:08:33.485281 2022] [core:notice] [pid 8500:tid 548] AH00094: Command line: 'apache\\bin\\httpd.exe -d D:/Moodle/server/apache -f conf\\httpd.conf'
[Sun Jan 02 10:08:33.489635 2022] [mpm_winnt:notice] [pid 8500:tid 548] AH00418: Parent: Created child process 12744
[Sun Jan 02 10:08:33.976264 2022] [ssl:warn] [pid 12744:tid 556] AH01909: www.example.com:443:0 server certificate does NOT include an ID which matches the server name
[Sun Jan 02 10:08:34.026593 2022] [ssl:warn] [pid 12744:tid 556] AH01909: www.example.com:443:0 server certificate does NOT include an ID which matches the server name
PHP Warning:  Module 'openssl' already loaded in Unknown on line 0
[Sun Jan 02 10:08:34.048582 2022] [mpm_winnt:notice] [pid 12744:tid 556] AH00354: Child: Starting 150 worker threads.
[Sun Jan 02 10:09:34.537098 2022] [mpm_winnt:notice] [pid 8500:tid 548] AH00422: Parent: Received shutdown signal -- Shutting down the server.
[Sun Jan 02 10:09:36.552693 2022] [mpm_winnt:notice] [pid 12744:tid 556] AH00364: Child: All worker threads have exited.
[Sun Jan 02 10:09:36.588696 2022] [mpm_winnt:notice] [pid 8500:tid 548] AH00430: Parent: Child process 12744 exited successfully.
[Sun Jan 02 13:51:24.768085 2022] [ssl:warn] [pid 5488:tid 480] AH01909: www.example.com:443:0 server certificate does NOT include an ID which matches the server name
[Sun Jan 02 13:51:24.909647 2022] [ssl:warn] [pid 5488:tid 480] AH01909: www.example.com:443:0 server certificate does NOT include an ID which matches the server name
PHP Warning:  Module 'openssl' already loaded in Unknown on line 0
[Sun Jan 02 13:51:25.689582 2022] [mpm_winnt:notice] [pid 5488:tid 480] AH00455: Apache/2.4.41 (Win64) OpenSSL/1.1.1c PHP/7.3.11 configured -- resuming normal operations
[Sun Jan 02 13:51:25.689582 2022] [mpm_winnt:notice] [pid 5488:tid 480] AH00456: Apache Lounge VC15 Server built: Aug 11 2019 12:20:04
[Sun Jan 02 13:51:25.689582 2022] [core:notice] [pid 5488:tid 480] AH00094: Command line: 'apache\\bin\\httpd.exe -d D:/Moodle/server/apache -f conf\\httpd.conf'
[Sun Jan 02 13:51:25.699021 2022] [mpm_winnt:notice] [pid 5488:tid 480] AH00418: Parent: Created child process 12660
[Sun Jan 02 13:51:26.393832 2022] [ssl:warn] [pid 12660:tid 564] AH01909: www.example.com:443:0 server certificate does NOT include an ID which matches the server name
[Sun Jan 02 13:51:26.508898 2022] [ssl:warn] [pid 12660:tid 564] AH01909: www.example.com:443:0 server certificate does NOT include an ID which matches the server name
PHP Warning:  Module 'openssl' already loaded in Unknown on line 0
[Sun Jan 02 13:51:26.592502 2022] [mpm_winnt:notice] [pid 12660:tid 564] AH00354: Child: Starting 150 worker threads.
[Sun Jan 02 14:26:36.854330 2022] [mpm_winnt:notice] [pid 5488:tid 480] AH00422: Parent: Received shutdown signal -- Shutting down the server.
[Sun Jan 02 14:26:38.870251 2022] [mpm_winnt:notice] [pid 12660:tid 564] AH00364: Child: All worker threads have exited.
[Sun Jan 02 14:26:38.953213 2022] [mpm_winnt:notice] [pid 5488:tid 480] AH00430: Parent: Child process 12660 exited successfully.
